<?xml version="1.0" encoding="UTF-8"?>
<!-- Generated by org.testng.reporters.JUnitXMLReporter -->
<testsuite hostname="DESKTOP-DCMMFHS" failures="0" tests="4" name="Test" time="45.269" errors="0" timestamp="20 Apr 2020 18:13:13 GMT">
  <testcase classname="Academy.ValidateNavigationBar" name="basePageNavigation" time="0.061"/>
  <testcase classname="Academy.ValidateTitle" name="basePageNavigation" time="0.065"/>
  <testcase classname="Academy.HomePage" name="basePageNavigation" time="5.512"/>
  <testcase classname="Academy.HomePage" name="basePageNavigation" time="5.219"/>
</testsuite> <!-- Test -->
