<?xml version="1.0" encoding="UTF-8"?>
<!-- Generated by org.testng.reporters.JUnitXMLReporter -->
<testsuite hostname="DESKTOP-DCMMFHS" failures="1" tests="1" name="Validating Title" time="12.187" errors="0" timestamp="21 Apr 2020 21:54:09 GMT">
  <testcase classname="Academy.ValidateTitle" name="basePageNavigation" time="0.036">
    <failure type="java.lang.AssertionError" message="expected [FEATURED123 COURSES] but found [FEATURED COURSES]">
      <![CDATA[java.lang.AssertionError: expected [FEATURED123 COURSES] but found [FEATURED COURSES]
	at Academy.ValidateTitle.basePageNavigation(ValidateTitle.java:37)
... Removed 29 stack frames]]>
    </failure>
  </testcase> <!-- basePageNavigation -->
</testsuite> <!-- Validating Title -->
