<?xml version="1.0" encoding="UTF-8"?>
<!-- Generated by org.testng.reporters.JUnitXMLReporter -->
<testsuite ignored="0" hostname="DESKTOP-DCMMFHS" failures="1" tests="3" name="Validating Title in the Page" time="9.559" errors="0" timestamp="2020-05-17T20:09:38 PDT">
  <testcase classname="Academy.ValidateTitle" name="validateAppTitle" time="0.048">
    <failure type="java.lang.AssertionError" message="App Title is missing or wrong. expected [FEATURED COURSES123] but found [FEATURED COURSES]">
      <![CDATA[java.lang.AssertionError: App Title is missing or wrong. expected [FEATURED COURSES123] but found [FEATURED COURSES]
at Academy.ValidateTitle.validateAppTitle(ValidateTitle.java:40)
at java.base/java.util.ArrayList.forEach(ArrayList.java:1507)
... Removed 31 stack frames]]>
    </failure>
  </testcase> <!-- validateAppTitle -->
  <testcase classname="Academy.ValidateTitle" name="validateCoursesLink" time="0.029"/>
  <testcase classname="Academy.ValidateTitle" name="validateHeader" time="0.026"/>
</testsuite> <!-- Validating Title in the Page -->
