<?xml version="1.0" encoding="UTF-8"?>
<!-- Generated by org.testng.reporters.JUnitXMLReporter -->
<testsuite ignored="0" hostname="DESKTOP-DCMMFHS" failures="0" tests="5" name="Validating Academy Page" time="10.488" errors="0" timestamp="2020-05-17T20:09:49 PDT">
  <testcase classname="Academy.ValidateAcademyPage" name="validateAppium" time="0.311"/>
  <testcase classname="Academy.ValidateAcademyPage" name="validateLinkedinLink" time="0.071"/>
  <testcase classname="Academy.ValidateAcademyPage" name="validateLinks" time="0.176"/>
  <testcase classname="Academy.ValidateAcademyPage" name="validateLogin" time="0.057"/>
  <testcase classname="Academy.ValidateAcademyPage" name="validateTitle" time="0.054"/>
</testsuite> <!-- Validating Academy Page -->
