<?xml version="1.0" encoding="UTF-8"?>
<!-- Generated by org.testng.reporters.JUnitXMLReporter -->
<testsuite ignored="0" hostname="DESKTOP-DCMMFHS" failures="0" tests="3" name="Validating Courses Page" time="9.013" errors="0" timestamp="2020-04-29T23:18:09 PDT">
  <testcase classname="Academy.ValidateCoursesPage" name="validateLinkedinLink" time="0.181"/>
  <testcase classname="Academy.ValidateCoursesPage" name="validateLogin" time="0.026"/>
  <testcase classname="Academy.ValidateCoursesPage" name="validateTitle" time="0.051"/>
</testsuite> <!-- Validating Courses Page -->
