<?xml version="1.0" encoding="UTF-8"?>
<!-- Generated by org.testng.reporters.JUnitXMLReporter -->
<testsuite hostname="DESKTOP-DCMMFHS" failures="0" tests="5" name="Validating Academy Page" time="14.68" errors="0" timestamp="11 May 2020 22:46:03 GMT">
  <testcase classname="Academy.ValidateAcademyPage" name="validateAppium" time="0.454"/>
  <testcase classname="Academy.ValidateAcademyPage" name="validateLinkedinLink" time="0.146"/>
  <testcase classname="Academy.ValidateAcademyPage" name="validateLinks" time="0.417"/>
  <testcase classname="Academy.ValidateAcademyPage" name="validateLogin" time="0.071"/>
  <testcase classname="Academy.ValidateAcademyPage" name="validateTitle" time="0.06"/>
</testsuite> <!-- Validating Academy Page -->
