<?xml version="1.0" encoding="UTF-8"?>
<!-- Generated by org.testng.reporters.JUnitXMLReporter -->
<testsuite ignored="1" hostname="DESKTOP-DCMMFHS" failures="0" tests="2" name="Validating User Login" time="1.536" errors="0" timestamp="2020-09-11T18:35:14 PDT">
  <testcase classname="Academy.HomePage" name="basePageNavigation" time="0.0">
    <skipped/>
  </testcase> <!-- basePageNavigation -->
  <testcase classname="Academy.HomePage" name="basePageNavigation" time="0.0">
    <skipped/>
  </testcase> <!-- basePageNavigation -->
  <testcase classname="Academy.HomePage" name="navigateCourses" time="0.0">
    <ignored/>
  </testcase> <!-- navigateCourses -->
</testsuite> <!-- Validating User Login -->
