<?xml version="1.0" encoding="UTF-8"?>
<!-- Generated by org.testng.reporters.JUnitXMLReporter -->
<testsuite hostname="DESKTOP-DCMMFHS" failures="0" tests="3" name="Validating Courses Page" time="18.946" errors="0" timestamp="30 Apr 2020 06:25:23 GMT">
  <testcase classname="Academy.ValidateCoursesPage" name="validateLinkedinLink" time="0.086"/>
  <testcase classname="Academy.ValidateCoursesPage" name="validateLogin" time="0.032"/>
  <testcase classname="Academy.ValidateCoursesPage" name="validateTitle" time="0.069"/>
</testsuite> <!-- Validating Courses Page -->
