<?xml version="1.0" encoding="UTF-8"?>
<!-- Generated by org.testng.reporters.JUnitXMLReporter -->
<testsuite ignored="0" hostname="DESKTOP-DCMMFHS" failures="0" tests="3" name="Validating Title in the Page" time="1.065" errors="0" timestamp="2020-09-11T18:35:16 PDT">
  <testcase classname="Academy.ValidateTitle" name="validateAppTitle" time="0.0">
    <skipped/>
  </testcase> <!-- validateAppTitle -->
  <testcase classname="Academy.ValidateTitle" name="validateCoursesLink" time="0.0">
    <skipped/>
  </testcase> <!-- validateCoursesLink -->
  <testcase classname="Academy.ValidateTitle" name="validateHeader" time="0.0">
    <skipped/>
  </testcase> <!-- validateHeader -->
</testsuite> <!-- Validating Title in the Page -->
