<?xml version="1.0" encoding="UTF-8"?>
<!-- Generated by org.testng.reporters.JUnitXMLReporter -->
<testsuite ignored="0" hostname="DESKTOP-DCMMFHS" failures="0" tests="5" name="Validating Academy Page" time="1.085" errors="0" timestamp="2020-09-11T18:35:18 PDT">
  <testcase classname="Academy.ValidateAcademyPage" name="@BeforeTest initialize" time="1.081">
    <failure type="org.openqa.selenium.SessionNotCreatedException" message="session not created: This version of ChromeDriver only supports Chrome version 80
Build info: version: &amp;apos;3.141.59&amp;apos;, revision: &amp;apos;e82be7d358&amp;apos;, time: &amp;apos;2018-11-14T08:17:03&amp;apos;
System info: host: &amp;apos;DESKTOP-DCMMFHS&amp;apos;, ip: &amp;apos;192.168.7.112&amp;apos;, os.name: &amp;apos;Windows 10&amp;apos;, os.arch: &amp;apos;amd64&amp;apos;, os.version: &amp;apos;10.0&amp;apos;, java.version: &amp;apos;13.0.2&amp;apos;
Driver info: driver.version: ChromeDriver
remote stacktrace: Backtrace:
	Ordinal0 [0x00870C83+1707139]
	Ordinal0 [0x007D68F1+1075441]
	Ordinal0 [0x0074DFC9+516041]
	Ordinal0 [0x006E0554+66900]
	Ordinal0 [0x006DCCE2+52450]
	Ordinal0 [0x006FBFD7+180183]
	Ordinal0 [0x006FBDDD+179677]
	Ordinal0 [0x006F9D4B+171339]
	Ordinal0 [0x006E1D4A+73034]
	Ordinal0 [0x006E2DC0+77248]
	Ordinal0 [0x006E2D59+77145]
	Ordinal0 [0x007EBB67+1162087]
	GetHandleVerifier [0x0090A966+508998]
	GetHandleVerifier [0x0090A6A4+508292]
	GetHandleVerifier [0x0091F7B7+594583]
	GetHandleVerifier [0x0090B1D6+511158]
	Ordinal0 [0x007E402C+1130540]
	Ordinal0 [0x007ED4CB+1168587]
	Ordinal0 [0x007ED633+1168947]
	Ordinal0 [0x00805B35+1268533]
	BaseThreadInitThunk [0x75AB6359+25]
	RtlGetAppContainerNamedObjectPath [0x77307C24+228]
	RtlGetAppContainerNamedObjectPath [0x77307BF4+180]
">
      <![CDATA[org.openqa.selenium.SessionNotCreatedException: session not created: This version of ChromeDriver only supports Chrome version 80
Build info: version: '3.141.59', revision: 'e82be7d358', time: '2018-11-14T08:17:03'
System info: host: 'DESKTOP-DCMMFHS', ip: '192.168.7.112', os.name: 'Windows 10', os.arch: 'amd64', os.version: '10.0', java.version: '13.0.2'
Driver info: driver.version: ChromeDriver
remote stacktrace: Backtrace:
Ordinal0 [0x00870C83+1707139]
Ordinal0 [0x007D68F1+1075441]
Ordinal0 [0x0074DFC9+516041]
Ordinal0 [0x006E0554+66900]
Ordinal0 [0x006DCCE2+52450]
Ordinal0 [0x006FBFD7+180183]
Ordinal0 [0x006FBDDD+179677]
Ordinal0 [0x006F9D4B+171339]
Ordinal0 [0x006E1D4A+73034]
Ordinal0 [0x006E2DC0+77248]
Ordinal0 [0x006E2D59+77145]
Ordinal0 [0x007EBB67+1162087]
GetHandleVerifier [0x0090A966+508998]
GetHandleVerifier [0x0090A6A4+508292]
GetHandleVerifier [0x0091F7B7+594583]
GetHandleVerifier [0x0090B1D6+511158]
Ordinal0 [0x007E402C+1130540]
Ordinal0 [0x007ED4CB+1168587]
Ordinal0 [0x007ED633+1168947]
Ordinal0 [0x00805B35+1268533]
BaseThreadInitThunk [0x75AB6359+25]
RtlGetAppContainerNamedObjectPath [0x77307C24+228]
RtlGetAppContainerNamedObjectPath [0x77307BF4+180]

at org.openqa.selenium.remote.W3CHandshakeResponse.lambda$errorHandler$0(W3CHandshakeResponse.java:62)
at org.openqa.selenium.remote.HandshakeResponse.lambda$getResponseFunction$0(HandshakeResponse.java:30)
at org.openqa.selenium.remote.ProtocolHandshake.lambda$createSession$0(ProtocolHandshake.java:126)
at java.base/java.util.stream.ReferencePipeline$3$1.accept(ReferencePipeline.java:195)
at java.base/java.util.Spliterators$ArraySpliterator.tryAdvance(Spliterators.java:958)
at java.base/java.util.stream.ReferencePipeline.forEachWithCancel(ReferencePipeline.java:127)
at java.base/java.util.stream.AbstractPipeline.copyIntoWithCancel(AbstractPipeline.java:502)
at java.base/java.util.stream.AbstractPipeline.copyInto(AbstractPipeline.java:488)
at java.base/java.util.stream.AbstractPipeline.wrapAndCopyInto(AbstractPipeline.java:474)
at java.base/java.util.stream.FindOps$FindOp.evaluateSequential(FindOps.java:150)
at java.base/java.util.stream.AbstractPipeline.evaluate(AbstractPipeline.java:234)
at java.base/java.util.stream.ReferencePipeline.findFirst(ReferencePipeline.java:543)
at org.openqa.selenium.remote.ProtocolHandshake.createSession(ProtocolHandshake.java:128)
at org.openqa.selenium.remote.ProtocolHandshake.createSession(ProtocolHandshake.java:74)
at org.openqa.selenium.remote.HttpCommandExecutor.execute(HttpCommandExecutor.java:136)
at org.openqa.selenium.remote.service.DriverCommandExecutor.execute(DriverCommandExecutor.java:83)
at org.openqa.selenium.remote.RemoteWebDriver.execute(RemoteWebDriver.java:552)
at org.openqa.selenium.remote.RemoteWebDriver.startSession(RemoteWebDriver.java:213)
at org.openqa.selenium.remote.RemoteWebDriver.<init>(RemoteWebDriver.java:131)
at org.openqa.selenium.chrome.ChromeDriver.<init>(ChromeDriver.java:181)
at org.openqa.selenium.chrome.ChromeDriver.<init>(ChromeDriver.java:168)
at org.openqa.selenium.chrome.ChromeDriver.<init>(ChromeDriver.java:157)
at resources.Base.initializeDriver(Base.java:48)
at Academy.ValidateAcademyPage.initialize(ValidateAcademyPage.java:25)
... Removed 32 stack frames]]>
    </failure>
  </testcase> <!-- @BeforeTest initialize -->
  <testcase classname="Academy.ValidateAcademyPage" name="@AfterTest tearDown" time="-1.599874518074E9">
    <skipped/>
  </testcase> <!-- @AfterTest tearDown -->
  <testcase classname="Academy.ValidateAcademyPage" name="validateAppium" time="0.0">
    <skipped/>
  </testcase> <!-- validateAppium -->
  <testcase classname="Academy.ValidateAcademyPage" name="validateLinkedinLink" time="0.0">
    <skipped/>
  </testcase> <!-- validateLinkedinLink -->
  <testcase classname="Academy.ValidateAcademyPage" name="validateLinks" time="0.0">
    <skipped/>
  </testcase> <!-- validateLinks -->
  <testcase classname="Academy.ValidateAcademyPage" name="validateLogin" time="0.0">
    <skipped/>
  </testcase> <!-- validateLogin -->
  <testcase classname="Academy.ValidateAcademyPage" name="validateTitle" time="0.0">
    <skipped/>
  </testcase> <!-- validateTitle -->
</testsuite> <!-- Validating Academy Page -->
