<?xml version="1.0" encoding="UTF-8"?>
<testsuite xmlns:xsi="http://www.w3.org/2001/XMLSchema-instance" xsi:noNamespaceSchemaLocation="https://maven.apache.org/surefire/maven-surefire-plugin/xsd/surefire-test-report.xsd" name="TestSuite" time="6.717" tests="19" errors="0" skipped="15" failures="4">
  <properties>
[...]
</properties>
  <testcase name="initialize" classname="Academy.HomePage" time="2.796">
    <failure message="session not created: This version of ChromeDriver only supports Chrome version 83&#10;Build info: version: &apos;3.141.59&apos;, revision: &apos;e82be7d358&apos;, time: &apos;2018-11-14T08:17:03&apos;&#10;System info: host: &apos;DESKTOP-DCMMFHS&apos;, ip: &apos;192.168.7.112&apos;, os.name: &apos;Windows 10&apos;, os.arch: &apos;amd64&apos;, os.version: &apos;10.0&apos;, java.version: &apos;13.0.2&apos;&#10;Driver info: driver.version: ChromeDriver&#10;remote stacktrace: Backtrace:&#10;	Ordinal0 [0x004E9563+2725219]&#10;	Ordinal0 [0x003E8551+1672529]&#10;	Ordinal0 [0x002D0359+525145]&#10;	Ordinal0 [0x00260B77+68471]&#10;	Ordinal0 [0x0025D32C+54060]&#10;	Ordinal0 [0x0027CC37+183351]&#10;	Ordinal0 [0x0027CA3D+182845]&#10;	Ordinal0 [0x0027A94B+174411]&#10;	Ordinal0 [0x00262528+75048]&#10;	Ordinal0 [0x002635A0+79264]&#10;	Ordinal0 [0x00263539+79161]&#10;	Ordinal0 [0x003FD607+1758727]&#10;	GetHandleVerifier [0x00606546+1050150]&#10;	GetHandleVerifier [0x00606291+1049457]&#10;	GetHandleVerifier [0x006110D7+1094071]&#10;	GetHandleVerifier [0x00606B46+1051686]&#10;	Ordinal0 [0x003F5B06+1727238]&#10;	Ordinal0 [0x003FEB7B+1764219]&#10;	Ordinal0 [0x003FECE3+1764579]&#10;	Ordinal0 [0x00414C05+1854469]&#10;	BaseThreadInitThunk [0x75AB6359+25]&#10;	RtlGetAppContainerNamedObjectPath [0x77307C24+228]&#10;	RtlGetAppContainerNamedObjectPath [0x77307BF4+180]&#10;" type="org.openqa.selenium.SessionNotCreatedException">org.openqa.selenium.SessionNotCreatedException: 
session not created: This version of ChromeDriver only supports Chrome version 83
Build info: version: '3.141.59', revision: 'e82be7d358', time: '2018-11-14T08:17:03'
System info: host: 'DESKTOP-DCMMFHS', ip: '192.168.7.112', os.name: 'Windows 10', os.arch: 'amd64', os.version: '10.0', java.version: '13.0.2'
Driver info: driver.version: ChromeDriver
remote stacktrace: Backtrace:
	Ordinal0 [0x004E9563+2725219]
	Ordinal0 [0x003E8551+1672529]
	Ordinal0 [0x002D0359+525145]
	Ordinal0 [0x00260B77+68471]
	Ordinal0 [0x0025D32C+54060]
	Ordinal0 [0x0027CC37+183351]
	Ordinal0 [0x0027CA3D+182845]
	Ordinal0 [0x0027A94B+174411]
	Ordinal0 [0x00262528+75048]
	Ordinal0 [0x002635A0+79264]
	Ordinal0 [0x00263539+79161]
	Ordinal0 [0x003FD607+1758727]
	GetHandleVerifier [0x00606546+1050150]
	GetHandleVerifier [0x00606291+1049457]
	GetHandleVerifier [0x006110D7+1094071]
	GetHandleVerifier [0x00606B46+1051686]
	Ordinal0 [0x003F5B06+1727238]
	Ordinal0 [0x003FEB7B+1764219]
	Ordinal0 [0x003FECE3+1764579]
	Ordinal0 [0x00414C05+1854469]
	BaseThreadInitThunk [0x75AB6359+25]
	RtlGetAppContainerNamedObjectPath [0x77307C24+228]
	RtlGetAppContainerNamedObjectPath [0x77307BF4+180]

	at Academy.HomePage.initialize(HomePage.java:26)
</failure>
    <system-out><![CDATA[chrome
]]></system-out>
    <system-err><![CDATA[Starting ChromeDriver 83.0.4103.39 (ccbf011cb2d2b19b506d844400483861342c20cd-refs/branch-heads/4103@{#416}) on port 11200
Only local connections are allowed.
Please see https://chromedriver.chromium.org/security-considerations for suggestions on keeping ChromeDriver safe.
ChromeDriver was started successfully.
]]></system-err>
  </testcase>
  <testcase name="basePageNavigation" classname="Academy.HomePage" time="0">
    <skipped message="session not created: This version of ChromeDriver only supports Chrome version 83&#10;Build info: version: &apos;3.141.59&apos;, revision: &apos;e82be7d358&apos;, time: &apos;2018-11-14T08:17:03&apos;&#10;System info: host: &apos;DESKTOP-DCMMFHS&apos;, ip: &apos;192.168.7.112&apos;, os.name: &apos;Windows 10&apos;, os.arch: &apos;amd64&apos;, os.version: &apos;10.0&apos;, java.version: &apos;13.0.2&apos;&#10;Driver info: driver.version: ChromeDriver&#10;remote stacktrace: Backtrace:&#10;	Ordinal0 [0x004E9563+2725219]&#10;	Ordinal0 [0x003E8551+1672529]&#10;	Ordinal0 [0x002D0359+525145]&#10;	Ordinal0 [0x00260B77+68471]&#10;	Ordinal0 [0x0025D32C+54060]&#10;	Ordinal0 [0x0027CC37+183351]&#10;	Ordinal0 [0x0027CA3D+182845]&#10;	Ordinal0 [0x0027A94B+174411]&#10;	Ordinal0 [0x00262528+75048]&#10;	Ordinal0 [0x002635A0+79264]&#10;	Ordinal0 [0x00263539+79161]&#10;	Ordinal0 [0x003FD607+1758727]&#10;	GetHandleVerifier [0x00606546+1050150]&#10;	GetHandleVerifier [0x00606291+1049457]&#10;	GetHandleVerifier [0x006110D7+1094071]&#10;	GetHandleVerifier [0x00606B46+1051686]&#10;	Ordinal0 [0x003F5B06+1727238]&#10;	Ordinal0 [0x003FEB7B+1764219]&#10;	Ordinal0 [0x003FECE3+1764579]&#10;	Ordinal0 [0x00414C05+1854469]&#10;	BaseThreadInitThunk [0x75AB6359+25]&#10;	RtlGetAppContainerNamedObjectPath [0x77307C24+228]&#10;	RtlGetAppContainerNamedObjectPath [0x77307BF4+180]&#10;"/>
  </testcase>
  <testcase name="basePageNavigation" classname="Academy.HomePage" time="0">
    <skipped message="session not created: This version of ChromeDriver only supports Chrome version 83&#10;Build info: version: &apos;3.141.59&apos;, revision: &apos;e82be7d358&apos;, time: &apos;2018-11-14T08:17:03&apos;&#10;System info: host: &apos;DESKTOP-DCMMFHS&apos;, ip: &apos;192.168.7.112&apos;, os.name: &apos;Windows 10&apos;, os.arch: &apos;amd64&apos;, os.version: &apos;10.0&apos;, java.version: &apos;13.0.2&apos;&#10;Driver info: driver.version: ChromeDriver&#10;remote stacktrace: Backtrace:&#10;	Ordinal0 [0x004E9563+2725219]&#10;	Ordinal0 [0x003E8551+1672529]&#10;	Ordinal0 [0x002D0359+525145]&#10;	Ordinal0 [0x00260B77+68471]&#10;	Ordinal0 [0x0025D32C+54060]&#10;	Ordinal0 [0x0027CC37+183351]&#10;	Ordinal0 [0x0027CA3D+182845]&#10;	Ordinal0 [0x0027A94B+174411]&#10;	Ordinal0 [0x00262528+75048]&#10;	Ordinal0 [0x002635A0+79264]&#10;	Ordinal0 [0x00263539+79161]&#10;	Ordinal0 [0x003FD607+1758727]&#10;	GetHandleVerifier [0x00606546+1050150]&#10;	GetHandleVerifier [0x00606291+1049457]&#10;	GetHandleVerifier [0x006110D7+1094071]&#10;	GetHandleVerifier [0x00606B46+1051686]&#10;	Ordinal0 [0x003F5B06+1727238]&#10;	Ordinal0 [0x003FEB7B+1764219]&#10;	Ordinal0 [0x003FECE3+1764579]&#10;	Ordinal0 [0x00414C05+1854469]&#10;	BaseThreadInitThunk [0x75AB6359+25]&#10;	RtlGetAppContainerNamedObjectPath [0x77307C24+228]&#10;	RtlGetAppContainerNamedObjectPath [0x77307BF4+180]&#10;"/>
  </testcase>
  <testcase name="tearDown" classname="Academy.HomePage" time="0">
    <skipped/>
  </testcase>
  <testcase name="initialize" classname="Academy.ValidateNavigationBar" time="1.461">
    <failure message="session not created: This version of ChromeDriver only supports Chrome version 83&#10;Build info: version: &apos;3.141.59&apos;, revision: &apos;e82be7d358&apos;, time: &apos;2018-11-14T08:17:03&apos;&#10;System info: host: &apos;DESKTOP-DCMMFHS&apos;, ip: &apos;192.168.7.112&apos;, os.name: &apos;Windows 10&apos;, os.arch: &apos;amd64&apos;, os.version: &apos;10.0&apos;, java.version: &apos;13.0.2&apos;&#10;Driver info: driver.version: ChromeDriver&#10;remote stacktrace: Backtrace:&#10;	Ordinal0 [0x004E9563+2725219]&#10;	Ordinal0 [0x003E8551+1672529]&#10;	Ordinal0 [0x002D0359+525145]&#10;	Ordinal0 [0x00260B77+68471]&#10;	Ordinal0 [0x0025D32C+54060]&#10;	Ordinal0 [0x0027CC37+183351]&#10;	Ordinal0 [0x0027CA3D+182845]&#10;	Ordinal0 [0x0027A94B+174411]&#10;	Ordinal0 [0x00262528+75048]&#10;	Ordinal0 [0x002635A0+79264]&#10;	Ordinal0 [0x00263539+79161]&#10;	Ordinal0 [0x003FD607+1758727]&#10;	GetHandleVerifier [0x00606546+1050150]&#10;	GetHandleVerifier [0x00606291+1049457]&#10;	GetHandleVerifier [0x006110D7+1094071]&#10;	GetHandleVerifier [0x00606B46+1051686]&#10;	Ordinal0 [0x003F5B06+1727238]&#10;	Ordinal0 [0x003FEB7B+1764219]&#10;	Ordinal0 [0x003FECE3+1764579]&#10;	Ordinal0 [0x00414C05+1854469]&#10;	BaseThreadInitThunk [0x75AB6359+25]&#10;	RtlGetAppContainerNamedObjectPath [0x77307C24+228]&#10;	RtlGetAppContainerNamedObjectPath [0x77307BF4+180]&#10;" type="org.openqa.selenium.SessionNotCreatedException">org.openqa.selenium.SessionNotCreatedException: 
session not created: This version of ChromeDriver only supports Chrome version 83
Build info: version: '3.141.59', revision: 'e82be7d358', time: '2018-11-14T08:17:03'
System info: host: 'DESKTOP-DCMMFHS', ip: '192.168.7.112', os.name: 'Windows 10', os.arch: 'amd64', os.version: '10.0', java.version: '13.0.2'
Driver info: driver.version: ChromeDriver
remote stacktrace: Backtrace:
	Ordinal0 [0x004E9563+2725219]
	Ordinal0 [0x003E8551+1672529]
	Ordinal0 [0x002D0359+525145]
	Ordinal0 [0x00260B77+68471]
	Ordinal0 [0x0025D32C+54060]
	Ordinal0 [0x0027CC37+183351]
	Ordinal0 [0x0027CA3D+182845]
	Ordinal0 [0x0027A94B+174411]
	Ordinal0 [0x00262528+75048]
	Ordinal0 [0x002635A0+79264]
	Ordinal0 [0x00263539+79161]
	Ordinal0 [0x003FD607+1758727]
	GetHandleVerifier [0x00606546+1050150]
	GetHandleVerifier [0x00606291+1049457]
	GetHandleVerifier [0x006110D7+1094071]
	GetHandleVerifier [0x00606B46+1051686]
	Ordinal0 [0x003F5B06+1727238]
	Ordinal0 [0x003FEB7B+1764219]
	Ordinal0 [0x003FECE3+1764579]
	Ordinal0 [0x00414C05+1854469]
	BaseThreadInitThunk [0x75AB6359+25]
	RtlGetAppContainerNamedObjectPath [0x77307C24+228]
	RtlGetAppContainerNamedObjectPath [0x77307BF4+180]

	at Academy.ValidateNavigationBar.initialize(ValidateNavigationBar.java:23)
</failure>
    <system-out><![CDATA[chrome
]]></system-out>
    <system-err><![CDATA[Starting ChromeDriver 83.0.4103.39 (ccbf011cb2d2b19b506d844400483861342c20cd-refs/branch-heads/4103@{#416}) on port 4669
Only local connections are allowed.
Please see https://chromedriver.chromium.org/security-considerations for suggestions on keeping ChromeDriver safe.
ChromeDriver was started successfully.
]]></system-err>
  </testcase>
  <testcase name="validateAppNavigationBar" classname="Academy.ValidateNavigationBar" time="0">
    <skipped message="session not created: This version of ChromeDriver only supports Chrome version 83&#10;Build info: version: &apos;3.141.59&apos;, revision: &apos;e82be7d358&apos;, time: &apos;2018-11-14T08:17:03&apos;&#10;System info: host: &apos;DESKTOP-DCMMFHS&apos;, ip: &apos;192.168.7.112&apos;, os.name: &apos;Windows 10&apos;, os.arch: &apos;amd64&apos;, os.version: &apos;10.0&apos;, java.version: &apos;13.0.2&apos;&#10;Driver info: driver.version: ChromeDriver&#10;remote stacktrace: Backtrace:&#10;	Ordinal0 [0x004E9563+2725219]&#10;	Ordinal0 [0x003E8551+1672529]&#10;	Ordinal0 [0x002D0359+525145]&#10;	Ordinal0 [0x00260B77+68471]&#10;	Ordinal0 [0x0025D32C+54060]&#10;	Ordinal0 [0x0027CC37+183351]&#10;	Ordinal0 [0x0027CA3D+182845]&#10;	Ordinal0 [0x0027A94B+174411]&#10;	Ordinal0 [0x00262528+75048]&#10;	Ordinal0 [0x002635A0+79264]&#10;	Ordinal0 [0x00263539+79161]&#10;	Ordinal0 [0x003FD607+1758727]&#10;	GetHandleVerifier [0x00606546+1050150]&#10;	GetHandleVerifier [0x00606291+1049457]&#10;	GetHandleVerifier [0x006110D7+1094071]&#10;	GetHandleVerifier [0x00606B46+1051686]&#10;	Ordinal0 [0x003F5B06+1727238]&#10;	Ordinal0 [0x003FEB7B+1764219]&#10;	Ordinal0 [0x003FECE3+1764579]&#10;	Ordinal0 [0x00414C05+1854469]&#10;	BaseThreadInitThunk [0x75AB6359+25]&#10;	RtlGetAppContainerNamedObjectPath [0x77307C24+228]&#10;	RtlGetAppContainerNamedObjectPath [0x77307BF4+180]&#10;"/>
  </testcase>
  <testcase name="tearDown" classname="Academy.ValidateNavigationBar" time="0">
    <skipped/>
  </testcase>
  <testcase name="initialize" classname="Academy.ValidateTitle" time="1.114">
    <failure message="session not created: This version of ChromeDriver only supports Chrome version 83&#10;Build info: version: &apos;3.141.59&apos;, revision: &apos;e82be7d358&apos;, time: &apos;2018-11-14T08:17:03&apos;&#10;System info: host: &apos;DESKTOP-DCMMFHS&apos;, ip: &apos;192.168.7.112&apos;, os.name: &apos;Windows 10&apos;, os.arch: &apos;amd64&apos;, os.version: &apos;10.0&apos;, java.version: &apos;13.0.2&apos;&#10;Driver info: driver.version: ChromeDriver&#10;remote stacktrace: Backtrace:&#10;	Ordinal0 [0x004E9563+2725219]&#10;	Ordinal0 [0x003E8551+1672529]&#10;	Ordinal0 [0x002D0359+525145]&#10;	Ordinal0 [0x00260B77+68471]&#10;	Ordinal0 [0x0025D32C+54060]&#10;	Ordinal0 [0x0027CC37+183351]&#10;	Ordinal0 [0x0027CA3D+182845]&#10;	Ordinal0 [0x0027A94B+174411]&#10;	Ordinal0 [0x00262528+75048]&#10;	Ordinal0 [0x002635A0+79264]&#10;	Ordinal0 [0x00263539+79161]&#10;	Ordinal0 [0x003FD607+1758727]&#10;	GetHandleVerifier [0x00606546+1050150]&#10;	GetHandleVerifier [0x00606291+1049457]&#10;	GetHandleVerifier [0x006110D7+1094071]&#10;	GetHandleVerifier [0x00606B46+1051686]&#10;	Ordinal0 [0x003F5B06+1727238]&#10;	Ordinal0 [0x003FEB7B+1764219]&#10;	Ordinal0 [0x003FECE3+1764579]&#10;	Ordinal0 [0x00414C05+1854469]&#10;	BaseThreadInitThunk [0x75AB6359+25]&#10;	RtlGetAppContainerNamedObjectPath [0x77307C24+228]&#10;	RtlGetAppContainerNamedObjectPath [0x77307BF4+180]&#10;" type="org.openqa.selenium.SessionNotCreatedException">org.openqa.selenium.SessionNotCreatedException: 
session not created: This version of ChromeDriver only supports Chrome version 83
Build info: version: '3.141.59', revision: 'e82be7d358', time: '2018-11-14T08:17:03'
System info: host: 'DESKTOP-DCMMFHS', ip: '192.168.7.112', os.name: 'Windows 10', os.arch: 'amd64', os.version: '10.0', java.version: '13.0.2'
Driver info: driver.version: ChromeDriver
remote stacktrace: Backtrace:
	Ordinal0 [0x004E9563+2725219]
	Ordinal0 [0x003E8551+1672529]
	Ordinal0 [0x002D0359+525145]
	Ordinal0 [0x00260B77+68471]
	Ordinal0 [0x0025D32C+54060]
	Ordinal0 [0x0027CC37+183351]
	Ordinal0 [0x0027CA3D+182845]
	Ordinal0 [0x0027A94B+174411]
	Ordinal0 [0x00262528+75048]
	Ordinal0 [0x002635A0+79264]
	Ordinal0 [0x00263539+79161]
	Ordinal0 [0x003FD607+1758727]
	GetHandleVerifier [0x00606546+1050150]
	GetHandleVerifier [0x00606291+1049457]
	GetHandleVerifier [0x006110D7+1094071]
	GetHandleVerifier [0x00606B46+1051686]
	Ordinal0 [0x003F5B06+1727238]
	Ordinal0 [0x003FEB7B+1764219]
	Ordinal0 [0x003FECE3+1764579]
	Ordinal0 [0x00414C05+1854469]
	BaseThreadInitThunk [0x75AB6359+25]
	RtlGetAppContainerNamedObjectPath [0x77307C24+228]
	RtlGetAppContainerNamedObjectPath [0x77307BF4+180]

	at Academy.ValidateTitle.initialize(ValidateTitle.java:24)
</failure>
    <system-out><![CDATA[chrome
]]></system-out>
    <system-err><![CDATA[Starting ChromeDriver 83.0.4103.39 (ccbf011cb2d2b19b506d844400483861342c20cd-refs/branch-heads/4103@{#416}) on port 13236
Only local connections are allowed.
Please see https://chromedriver.chromium.org/security-considerations for suggestions on keeping ChromeDriver safe.
ChromeDriver was started successfully.
]]></system-err>
  </testcase>
  <testcase name="validateAppTitle" classname="Academy.ValidateTitle" time="0">
    <skipped message="session not created: This version of ChromeDriver only supports Chrome version 83&#10;Build info: version: &apos;3.141.59&apos;, revision: &apos;e82be7d358&apos;, time: &apos;2018-11-14T08:17:03&apos;&#10;System info: host: &apos;DESKTOP-DCMMFHS&apos;, ip: &apos;192.168.7.112&apos;, os.name: &apos;Windows 10&apos;, os.arch: &apos;amd64&apos;, os.version: &apos;10.0&apos;, java.version: &apos;13.0.2&apos;&#10;Driver info: driver.version: ChromeDriver&#10;remote stacktrace: Backtrace:&#10;	Ordinal0 [0x004E9563+2725219]&#10;	Ordinal0 [0x003E8551+1672529]&#10;	Ordinal0 [0x002D0359+525145]&#10;	Ordinal0 [0x00260B77+68471]&#10;	Ordinal0 [0x0025D32C+54060]&#10;	Ordinal0 [0x0027CC37+183351]&#10;	Ordinal0 [0x0027CA3D+182845]&#10;	Ordinal0 [0x0027A94B+174411]&#10;	Ordinal0 [0x00262528+75048]&#10;	Ordinal0 [0x002635A0+79264]&#10;	Ordinal0 [0x00263539+79161]&#10;	Ordinal0 [0x003FD607+1758727]&#10;	GetHandleVerifier [0x00606546+1050150]&#10;	GetHandleVerifier [0x00606291+1049457]&#10;	GetHandleVerifier [0x006110D7+1094071]&#10;	GetHandleVerifier [0x00606B46+1051686]&#10;	Ordinal0 [0x003F5B06+1727238]&#10;	Ordinal0 [0x003FEB7B+1764219]&#10;	Ordinal0 [0x003FECE3+1764579]&#10;	Ordinal0 [0x00414C05+1854469]&#10;	BaseThreadInitThunk [0x75AB6359+25]&#10;	RtlGetAppContainerNamedObjectPath [0x77307C24+228]&#10;	RtlGetAppContainerNamedObjectPath [0x77307BF4+180]&#10;"/>
  </testcase>
  <testcase name="validateCoursesLink" classname="Academy.ValidateTitle" time="0">
    <skipped message="session not created: This version of ChromeDriver only supports Chrome version 83&#10;Build info: version: &apos;3.141.59&apos;, revision: &apos;e82be7d358&apos;, time: &apos;2018-11-14T08:17:03&apos;&#10;System info: host: &apos;DESKTOP-DCMMFHS&apos;, ip: &apos;192.168.7.112&apos;, os.name: &apos;Windows 10&apos;, os.arch: &apos;amd64&apos;, os.version: &apos;10.0&apos;, java.version: &apos;13.0.2&apos;&#10;Driver info: driver.version: ChromeDriver&#10;remote stacktrace: Backtrace:&#10;	Ordinal0 [0x004E9563+2725219]&#10;	Ordinal0 [0x003E8551+1672529]&#10;	Ordinal0 [0x002D0359+525145]&#10;	Ordinal0 [0x00260B77+68471]&#10;	Ordinal0 [0x0025D32C+54060]&#10;	Ordinal0 [0x0027CC37+183351]&#10;	Ordinal0 [0x0027CA3D+182845]&#10;	Ordinal0 [0x0027A94B+174411]&#10;	Ordinal0 [0x00262528+75048]&#10;	Ordinal0 [0x002635A0+79264]&#10;	Ordinal0 [0x00263539+79161]&#10;	Ordinal0 [0x003FD607+1758727]&#10;	GetHandleVerifier [0x00606546+1050150]&#10;	GetHandleVerifier [0x00606291+1049457]&#10;	GetHandleVerifier [0x006110D7+1094071]&#10;	GetHandleVerifier [0x00606B46+1051686]&#10;	Ordinal0 [0x003F5B06+1727238]&#10;	Ordinal0 [0x003FEB7B+1764219]&#10;	Ordinal0 [0x003FECE3+1764579]&#10;	Ordinal0 [0x00414C05+1854469]&#10;	BaseThreadInitThunk [0x75AB6359+25]&#10;	RtlGetAppContainerNamedObjectPath [0x77307C24+228]&#10;	RtlGetAppContainerNamedObjectPath [0x77307BF4+180]&#10;"/>
  </testcase>
  <testcase name="validateHeader" classname="Academy.ValidateTitle" time="0">
    <skipped message="session not created: This version of ChromeDriver only supports Chrome version 83&#10;Build info: version: &apos;3.141.59&apos;, revision: &apos;e82be7d358&apos;, time: &apos;2018-11-14T08:17:03&apos;&#10;System info: host: &apos;DESKTOP-DCMMFHS&apos;, ip: &apos;192.168.7.112&apos;, os.name: &apos;Windows 10&apos;, os.arch: &apos;amd64&apos;, os.version: &apos;10.0&apos;, java.version: &apos;13.0.2&apos;&#10;Driver info: driver.version: ChromeDriver&#10;remote stacktrace: Backtrace:&#10;	Ordinal0 [0x004E9563+2725219]&#10;	Ordinal0 [0x003E8551+1672529]&#10;	Ordinal0 [0x002D0359+525145]&#10;	Ordinal0 [0x00260B77+68471]&#10;	Ordinal0 [0x0025D32C+54060]&#10;	Ordinal0 [0x0027CC37+183351]&#10;	Ordinal0 [0x0027CA3D+182845]&#10;	Ordinal0 [0x0027A94B+174411]&#10;	Ordinal0 [0x00262528+75048]&#10;	Ordinal0 [0x002635A0+79264]&#10;	Ordinal0 [0x00263539+79161]&#10;	Ordinal0 [0x003FD607+1758727]&#10;	GetHandleVerifier [0x00606546+1050150]&#10;	GetHandleVerifier [0x00606291+1049457]&#10;	GetHandleVerifier [0x006110D7+1094071]&#10;	GetHandleVerifier [0x00606B46+1051686]&#10;	Ordinal0 [0x003F5B06+1727238]&#10;	Ordinal0 [0x003FEB7B+1764219]&#10;	Ordinal0 [0x003FECE3+1764579]&#10;	Ordinal0 [0x00414C05+1854469]&#10;	BaseThreadInitThunk [0x75AB6359+25]&#10;	RtlGetAppContainerNamedObjectPath [0x77307C24+228]&#10;	RtlGetAppContainerNamedObjectPath [0x77307BF4+180]&#10;"/>
  </testcase>
  <testcase name="tearDown" classname="Academy.ValidateTitle" time="0">
    <skipped/>
  </testcase>
  <testcase name="initialize" classname="Academy.ValidateAcademyPage" time="1.126">
    <failure message="session not created: This version of ChromeDriver only supports Chrome version 83&#10;Build info: version: &apos;3.141.59&apos;, revision: &apos;e82be7d358&apos;, time: &apos;2018-11-14T08:17:03&apos;&#10;System info: host: &apos;DESKTOP-DCMMFHS&apos;, ip: &apos;192.168.7.112&apos;, os.name: &apos;Windows 10&apos;, os.arch: &apos;amd64&apos;, os.version: &apos;10.0&apos;, java.version: &apos;13.0.2&apos;&#10;Driver info: driver.version: ChromeDriver&#10;remote stacktrace: Backtrace:&#10;	Ordinal0 [0x004E9563+2725219]&#10;	Ordinal0 [0x003E8551+1672529]&#10;	Ordinal0 [0x002D0359+525145]&#10;	Ordinal0 [0x00260B77+68471]&#10;	Ordinal0 [0x0025D32C+54060]&#10;	Ordinal0 [0x0027CC37+183351]&#10;	Ordinal0 [0x0027CA3D+182845]&#10;	Ordinal0 [0x0027A94B+174411]&#10;	Ordinal0 [0x00262528+75048]&#10;	Ordinal0 [0x002635A0+79264]&#10;	Ordinal0 [0x00263539+79161]&#10;	Ordinal0 [0x003FD607+1758727]&#10;	GetHandleVerifier [0x00606546+1050150]&#10;	GetHandleVerifier [0x00606291+1049457]&#10;	GetHandleVerifier [0x006110D7+1094071]&#10;	GetHandleVerifier [0x00606B46+1051686]&#10;	Ordinal0 [0x003F5B06+1727238]&#10;	Ordinal0 [0x003FEB7B+1764219]&#10;	Ordinal0 [0x003FECE3+1764579]&#10;	Ordinal0 [0x00414C05+1854469]&#10;	BaseThreadInitThunk [0x75AB6359+25]&#10;	RtlGetAppContainerNamedObjectPath [0x77307C24+228]&#10;	RtlGetAppContainerNamedObjectPath [0x77307BF4+180]&#10;" type="org.openqa.selenium.SessionNotCreatedException">org.openqa.selenium.SessionNotCreatedException: 
session not created: This version of ChromeDriver only supports Chrome version 83
Build info: version: '3.141.59', revision: 'e82be7d358', time: '2018-11-14T08:17:03'
System info: host: 'DESKTOP-DCMMFHS', ip: '192.168.7.112', os.name: 'Windows 10', os.arch: 'amd64', os.version: '10.0', java.version: '13.0.2'
Driver info: driver.version: ChromeDriver
remote stacktrace: Backtrace:
	Ordinal0 [0x004E9563+2725219]
	Ordinal0 [0x003E8551+1672529]
	Ordinal0 [0x002D0359+525145]
	Ordinal0 [0x00260B77+68471]
	Ordinal0 [0x0025D32C+54060]
	Ordinal0 [0x0027CC37+183351]
	Ordinal0 [0x0027CA3D+182845]
	Ordinal0 [0x0027A94B+174411]
	Ordinal0 [0x00262528+75048]
	Ordinal0 [0x002635A0+79264]
	Ordinal0 [0x00263539+79161]
	Ordinal0 [0x003FD607+1758727]
	GetHandleVerifier [0x00606546+1050150]
	GetHandleVerifier [0x00606291+1049457]
	GetHandleVerifier [0x006110D7+1094071]
	GetHandleVerifier [0x00606B46+1051686]
	Ordinal0 [0x003F5B06+1727238]
	Ordinal0 [0x003FEB7B+1764219]
	Ordinal0 [0x003FECE3+1764579]
	Ordinal0 [0x00414C05+1854469]
	BaseThreadInitThunk [0x75AB6359+25]
	RtlGetAppContainerNamedObjectPath [0x77307C24+228]
	RtlGetAppContainerNamedObjectPath [0x77307BF4+180]

	at Academy.ValidateAcademyPage.initialize(ValidateAcademyPage.java:25)
</failure>
    <system-out><![CDATA[chrome
]]></system-out>
    <system-err><![CDATA[Starting ChromeDriver 83.0.4103.39 (ccbf011cb2d2b19b506d844400483861342c20cd-refs/branch-heads/4103@{#416}) on port 24418
Only local connections are allowed.
Please see https://chromedriver.chromium.org/security-considerations for suggestions on keeping ChromeDriver safe.
ChromeDriver was started successfully.
]]></system-err>
  </testcase>
  <testcase name="validateAppium" classname="Academy.ValidateAcademyPage" time="0">
    <skipped message="session not created: This version of ChromeDriver only supports Chrome version 83&#10;Build info: version: &apos;3.141.59&apos;, revision: &apos;e82be7d358&apos;, time: &apos;2018-11-14T08:17:03&apos;&#10;System info: host: &apos;DESKTOP-DCMMFHS&apos;, ip: &apos;192.168.7.112&apos;, os.name: &apos;Windows 10&apos;, os.arch: &apos;amd64&apos;, os.version: &apos;10.0&apos;, java.version: &apos;13.0.2&apos;&#10;Driver info: driver.version: ChromeDriver&#10;remote stacktrace: Backtrace:&#10;	Ordinal0 [0x004E9563+2725219]&#10;	Ordinal0 [0x003E8551+1672529]&#10;	Ordinal0 [0x002D0359+525145]&#10;	Ordinal0 [0x00260B77+68471]&#10;	Ordinal0 [0x0025D32C+54060]&#10;	Ordinal0 [0x0027CC37+183351]&#10;	Ordinal0 [0x0027CA3D+182845]&#10;	Ordinal0 [0x0027A94B+174411]&#10;	Ordinal0 [0x00262528+75048]&#10;	Ordinal0 [0x002635A0+79264]&#10;	Ordinal0 [0x00263539+79161]&#10;	Ordinal0 [0x003FD607+1758727]&#10;	GetHandleVerifier [0x00606546+1050150]&#10;	GetHandleVerifier [0x00606291+1049457]&#10;	GetHandleVerifier [0x006110D7+1094071]&#10;	GetHandleVerifier [0x00606B46+1051686]&#10;	Ordinal0 [0x003F5B06+1727238]&#10;	Ordinal0 [0x003FEB7B+1764219]&#10;	Ordinal0 [0x003FECE3+1764579]&#10;	Ordinal0 [0x00414C05+1854469]&#10;	BaseThreadInitThunk [0x75AB6359+25]&#10;	RtlGetAppContainerNamedObjectPath [0x77307C24+228]&#10;	RtlGetAppContainerNamedObjectPath [0x77307BF4+180]&#10;"/>
  </testcase>
  <testcase name="validateLinkedinLink" classname="Academy.ValidateAcademyPage" time="0">
    <skipped message="session not created: This version of ChromeDriver only supports Chrome version 83&#10;Build info: version: &apos;3.141.59&apos;, revision: &apos;e82be7d358&apos;, time: &apos;2018-11-14T08:17:03&apos;&#10;System info: host: &apos;DESKTOP-DCMMFHS&apos;, ip: &apos;192.168.7.112&apos;, os.name: &apos;Windows 10&apos;, os.arch: &apos;amd64&apos;, os.version: &apos;10.0&apos;, java.version: &apos;13.0.2&apos;&#10;Driver info: driver.version: ChromeDriver&#10;remote stacktrace: Backtrace:&#10;	Ordinal0 [0x004E9563+2725219]&#10;	Ordinal0 [0x003E8551+1672529]&#10;	Ordinal0 [0x002D0359+525145]&#10;	Ordinal0 [0x00260B77+68471]&#10;	Ordinal0 [0x0025D32C+54060]&#10;	Ordinal0 [0x0027CC37+183351]&#10;	Ordinal0 [0x0027CA3D+182845]&#10;	Ordinal0 [0x0027A94B+174411]&#10;	Ordinal0 [0x00262528+75048]&#10;	Ordinal0 [0x002635A0+79264]&#10;	Ordinal0 [0x00263539+79161]&#10;	Ordinal0 [0x003FD607+1758727]&#10;	GetHandleVerifier [0x00606546+1050150]&#10;	GetHandleVerifier [0x00606291+1049457]&#10;	GetHandleVerifier [0x006110D7+1094071]&#10;	GetHandleVerifier [0x00606B46+1051686]&#10;	Ordinal0 [0x003F5B06+1727238]&#10;	Ordinal0 [0x003FEB7B+1764219]&#10;	Ordinal0 [0x003FECE3+1764579]&#10;	Ordinal0 [0x00414C05+1854469]&#10;	BaseThreadInitThunk [0x75AB6359+25]&#10;	RtlGetAppContainerNamedObjectPath [0x77307C24+228]&#10;	RtlGetAppContainerNamedObjectPath [0x77307BF4+180]&#10;"/>
  </testcase>
  <testcase name="validateLinks" classname="Academy.ValidateAcademyPage" time="0">
    <skipped message="session not created: This version of ChromeDriver only supports Chrome version 83&#10;Build info: version: &apos;3.141.59&apos;, revision: &apos;e82be7d358&apos;, time: &apos;2018-11-14T08:17:03&apos;&#10;System info: host: &apos;DESKTOP-DCMMFHS&apos;, ip: &apos;192.168.7.112&apos;, os.name: &apos;Windows 10&apos;, os.arch: &apos;amd64&apos;, os.version: &apos;10.0&apos;, java.version: &apos;13.0.2&apos;&#10;Driver info: driver.version: ChromeDriver&#10;remote stacktrace: Backtrace:&#10;	Ordinal0 [0x004E9563+2725219]&#10;	Ordinal0 [0x003E8551+1672529]&#10;	Ordinal0 [0x002D0359+525145]&#10;	Ordinal0 [0x00260B77+68471]&#10;	Ordinal0 [0x0025D32C+54060]&#10;	Ordinal0 [0x0027CC37+183351]&#10;	Ordinal0 [0x0027CA3D+182845]&#10;	Ordinal0 [0x0027A94B+174411]&#10;	Ordinal0 [0x00262528+75048]&#10;	Ordinal0 [0x002635A0+79264]&#10;	Ordinal0 [0x00263539+79161]&#10;	Ordinal0 [0x003FD607+1758727]&#10;	GetHandleVerifier [0x00606546+1050150]&#10;	GetHandleVerifier [0x00606291+1049457]&#10;	GetHandleVerifier [0x006110D7+1094071]&#10;	GetHandleVerifier [0x00606B46+1051686]&#10;	Ordinal0 [0x003F5B06+1727238]&#10;	Ordinal0 [0x003FEB7B+1764219]&#10;	Ordinal0 [0x003FECE3+1764579]&#10;	Ordinal0 [0x00414C05+1854469]&#10;	BaseThreadInitThunk [0x75AB6359+25]&#10;	RtlGetAppContainerNamedObjectPath [0x77307C24+228]&#10;	RtlGetAppContainerNamedObjectPath [0x77307BF4+180]&#10;"/>
  </testcase>
  <testcase name="validateLogin" classname="Academy.ValidateAcademyPage" time="0">
    <skipped message="session not created: This version of ChromeDriver only supports Chrome version 83&#10;Build info: version: &apos;3.141.59&apos;, revision: &apos;e82be7d358&apos;, time: &apos;2018-11-14T08:17:03&apos;&#10;System info: host: &apos;DESKTOP-DCMMFHS&apos;, ip: &apos;192.168.7.112&apos;, os.name: &apos;Windows 10&apos;, os.arch: &apos;amd64&apos;, os.version: &apos;10.0&apos;, java.version: &apos;13.0.2&apos;&#10;Driver info: driver.version: ChromeDriver&#10;remote stacktrace: Backtrace:&#10;	Ordinal0 [0x004E9563+2725219]&#10;	Ordinal0 [0x003E8551+1672529]&#10;	Ordinal0 [0x002D0359+525145]&#10;	Ordinal0 [0x00260B77+68471]&#10;	Ordinal0 [0x0025D32C+54060]&#10;	Ordinal0 [0x0027CC37+183351]&#10;	Ordinal0 [0x0027CA3D+182845]&#10;	Ordinal0 [0x0027A94B+174411]&#10;	Ordinal0 [0x00262528+75048]&#10;	Ordinal0 [0x002635A0+79264]&#10;	Ordinal0 [0x00263539+79161]&#10;	Ordinal0 [0x003FD607+1758727]&#10;	GetHandleVerifier [0x00606546+1050150]&#10;	GetHandleVerifier [0x00606291+1049457]&#10;	GetHandleVerifier [0x006110D7+1094071]&#10;	GetHandleVerifier [0x00606B46+1051686]&#10;	Ordinal0 [0x003F5B06+1727238]&#10;	Ordinal0 [0x003FEB7B+1764219]&#10;	Ordinal0 [0x003FECE3+1764579]&#10;	Ordinal0 [0x00414C05+1854469]&#10;	BaseThreadInitThunk [0x75AB6359+25]&#10;	RtlGetAppContainerNamedObjectPath [0x77307C24+228]&#10;	RtlGetAppContainerNamedObjectPath [0x77307BF4+180]&#10;"/>
  </testcase>
  <testcase name="validateTitle" classname="Academy.ValidateAcademyPage" time="0">
    <skipped message="session not created: This version of ChromeDriver only supports Chrome version 83&#10;Build info: version: &apos;3.141.59&apos;, revision: &apos;e82be7d358&apos;, time: &apos;2018-11-14T08:17:03&apos;&#10;System info: host: &apos;DESKTOP-DCMMFHS&apos;, ip: &apos;192.168.7.112&apos;, os.name: &apos;Windows 10&apos;, os.arch: &apos;amd64&apos;, os.version: &apos;10.0&apos;, java.version: &apos;13.0.2&apos;&#10;Driver info: driver.version: ChromeDriver&#10;remote stacktrace: Backtrace:&#10;	Ordinal0 [0x004E9563+2725219]&#10;	Ordinal0 [0x003E8551+1672529]&#10;	Ordinal0 [0x002D0359+525145]&#10;	Ordinal0 [0x00260B77+68471]&#10;	Ordinal0 [0x0025D32C+54060]&#10;	Ordinal0 [0x0027CC37+183351]&#10;	Ordinal0 [0x0027CA3D+182845]&#10;	Ordinal0 [0x0027A94B+174411]&#10;	Ordinal0 [0x00262528+75048]&#10;	Ordinal0 [0x002635A0+79264]&#10;	Ordinal0 [0x00263539+79161]&#10;	Ordinal0 [0x003FD607+1758727]&#10;	GetHandleVerifier [0x00606546+1050150]&#10;	GetHandleVerifier [0x00606291+1049457]&#10;	GetHandleVerifier [0x006110D7+1094071]&#10;	GetHandleVerifier [0x00606B46+1051686]&#10;	Ordinal0 [0x003F5B06+1727238]&#10;	Ordinal0 [0x003FEB7B+1764219]&#10;	Ordinal0 [0x003FECE3+1764579]&#10;	Ordinal0 [0x00414C05+1854469]&#10;	BaseThreadInitThunk [0x75AB6359+25]&#10;	RtlGetAppContainerNamedObjectPath [0x77307C24+228]&#10;	RtlGetAppContainerNamedObjectPath [0x77307BF4+180]&#10;"/>
  </testcase>
  <testcase name="tearDown" classname="Academy.ValidateAcademyPage" time="0">
    <skipped/>
  </testcase>
</testsuite>