<?xml version="1.0" encoding="UTF-8"?>
<testng-results total="11" passed="10" failed="1" skipped="0">
  <reporter-output>
  </reporter-output>
  <suite started-at="2020-05-11T22:44:33Z" name="Suite" finished-at="2020-05-11T22:46:03Z" duration-ms="90636">
    <groups>
    </groups>
    <test started-at="2020-05-11T22:44:33Z" name="Validating User Login" finished-at="2020-05-11T22:45:17Z" duration-ms="44074">
      <class name="Academy.HomePage">
        <test-method is-config="true" signature="initialize()[pri:0, instance:Academy.HomePage@2a39fe6a]" started-at="2020-05-11T15:44:33Z" name="initialize" finished-at="2020-05-11T15:44:50Z" duration-ms="17168" status="PASS">
          <reporter-output>
          </reporter-output>
        </test-method> <!-- initialize -->
        <test-method signature="basePageNavigation(java.lang.String, java.lang.String, java.lang.String)[pri:0, instance:Academy.HomePage@2a39fe6a]" started-at="2020-05-11T15:44:50Z" name="basePageNavigation" data-provider="getData" finished-at="2020-05-11T15:45:04Z" duration-ms="13843" status="PASS">
          <params>
            <param index="0">
              <value>
                <![CDATA[RestrictedUser@gmail.com]]>
              </value>
            </param>
            <param index="1">
              <value>
                <![CDATA[Password]]>
              </value>
            </param>
            <param index="2">
              <value>
                <![CDATA[Restricted User]]>
              </value>
            </param>
          </params>
          <reporter-output>
          </reporter-output>
        </test-method> <!-- basePageNavigation -->
        <test-method signature="basePageNavigation(java.lang.String, java.lang.String, java.lang.String)[pri:0, instance:Academy.HomePage@2a39fe6a]" started-at="2020-05-11T15:45:04Z" name="basePageNavigation" data-provider="getData" finished-at="2020-05-11T15:45:14Z" duration-ms="9757" status="PASS">
          <params>
            <param index="0">
              <value>
                <![CDATA[NoneRestrictedUser@gmail.com]]>
              </value>
            </param>
            <param index="1">
              <value>
                <![CDATA[NewPassword!]]>
              </value>
            </param>
            <param index="2">
              <value>
                <![CDATA[None Restricted User]]>
              </value>
            </param>
          </params>
          <reporter-output>
          </reporter-output>
        </test-method> <!-- basePageNavigation -->
        <test-method is-config="true" signature="tearDown()[pri:0, instance:Academy.HomePage@2a39fe6a]" started-at="2020-05-11T15:45:14Z" name="tearDown" finished-at="2020-05-11T15:45:17Z" duration-ms="3250" status="PASS">
          <reporter-output>
          </reporter-output>
        </test-method> <!-- tearDown -->
      </class> <!-- Academy.HomePage -->
    </test> <!-- Validating User Login -->
    <test started-at="2020-05-11T22:45:17Z" name="Validating Navigation Bar" finished-at="2020-05-11T22:45:32Z" duration-ms="14593">
      <class name="Academy.ValidateNavigationBar">
        <test-method is-config="true" signature="initialize()[pri:0, instance:Academy.ValidateNavigationBar@76c7beb3]" started-at="2020-05-11T15:45:17Z" name="initialize" finished-at="2020-05-11T15:45:28Z" duration-ms="11227" status="PASS">
          <reporter-output>
          </reporter-output>
        </test-method> <!-- initialize -->
        <test-method signature="validateAppNavigationBar()[pri:0, instance:Academy.ValidateNavigationBar@76c7beb3]" started-at="2020-05-11T15:45:28Z" name="validateAppNavigationBar" finished-at="2020-05-11T15:45:29Z" duration-ms="623" status="PASS">
          <reporter-output>
          </reporter-output>
        </test-method> <!-- validateAppNavigationBar -->
        <test-method is-config="true" signature="tearDown()[pri:0, instance:Academy.ValidateNavigationBar@76c7beb3]" started-at="2020-05-11T15:45:29Z" name="tearDown" finished-at="2020-05-11T15:45:32Z" duration-ms="2741" status="PASS">
          <reporter-output>
          </reporter-output>
        </test-method> <!-- tearDown -->
      </class> <!-- Academy.ValidateNavigationBar -->
    </test> <!-- Validating Navigation Bar -->
    <test started-at="2020-05-11T22:45:32Z" name="Validating Title in the Page" finished-at="2020-05-11T22:45:49Z" duration-ms="16731">
      <class name="Academy.ValidateTitle">
        <test-method is-config="true" signature="initialize()[pri:0, instance:Academy.ValidateTitle@53e211ee]" started-at="2020-05-11T15:45:32Z" name="initialize" finished-at="2020-05-11T15:45:43Z" duration-ms="11147" status="PASS">
          <reporter-output>
          </reporter-output>
        </test-method> <!-- initialize -->
        <test-method signature="validateAppTitle()[pri:0, instance:Academy.ValidateTitle@53e211ee]" started-at="2020-05-11T15:45:43Z" name="validateAppTitle" finished-at="2020-05-11T15:45:43Z" duration-ms="247" status="FAIL">
          <exception class="java.lang.AssertionError">
            <message>
              <![CDATA[App Title is missing or wrong. expected [FEATURED COURSES123] but found [FEATURED COURSES]]]>
            </message>
            <full-stacktrace>
              <![CDATA[java.lang.AssertionError: App Title is missing or wrong. expected [FEATURED COURSES123] but found [FEATURED COURSES]
	at org.testng.Assert.fail(Assert.java:94)
	at org.testng.Assert.failNotEquals(Assert.java:494)
	at org.testng.Assert.assertEquals(Assert.java:123)
	at org.testng.Assert.assertEquals(Assert.java:176)
	at Academy.ValidateTitle.validateAppTitle(ValidateTitle.java:40)
	at java.base/jdk.internal.reflect.NativeMethodAccessorImpl.invoke0(Native Method)
	at java.base/jdk.internal.reflect.NativeMethodAccessorImpl.invoke(NativeMethodAccessorImpl.java:62)
	at java.base/jdk.internal.reflect.DelegatingMethodAccessorImpl.invoke(DelegatingMethodAccessorImpl.java:43)
	at java.base/java.lang.reflect.Method.invoke(Method.java:567)
	at org.testng.internal.MethodInvocationHelper.invokeMethod(MethodInvocationHelper.java:80)
	at org.testng.internal.Invoker.invokeMethod(Invoker.java:714)
	at org.testng.internal.Invoker.invokeTestMethod(Invoker.java:901)
	at org.testng.internal.Invoker.invokeTestMethods(Invoker.java:1231)
	at org.testng.internal.TestMethodWorker.invokeTestMethods(TestMethodWorker.java:127)
	at org.testng.internal.TestMethodWorker.run(TestMethodWorker.java:111)
	at org.testng.TestRunner.privateRun(TestRunner.java:767)
	at org.testng.TestRunner.run(TestRunner.java:617)
	at org.testng.SuiteRunner.runTest(SuiteRunner.java:334)
	at org.testng.SuiteRunner.runSequentially(SuiteRunner.java:329)
	at org.testng.SuiteRunner.privateRun(SuiteRunner.java:291)
	at org.testng.SuiteRunner.run(SuiteRunner.java:240)
	at org.testng.SuiteRunnerWorker.runSuite(SuiteRunnerWorker.java:52)
	at org.testng.SuiteRunnerWorker.run(SuiteRunnerWorker.java:86)
	at org.testng.TestNG.runSuitesSequentially(TestNG.java:1198)
	at org.testng.TestNG.runSuitesLocally(TestNG.java:1123)
	at org.testng.TestNG.run(TestNG.java:1031)
	at org.apache.maven.surefire.testng.TestNGExecutor.run(TestNGExecutor.java:283)
	at org.apache.maven.surefire.testng.TestNGXmlTestSuite.execute(TestNGXmlTestSuite.java:75)
	at org.apache.maven.surefire.testng.TestNGProvider.invoke(TestNGProvider.java:120)
	at org.apache.maven.surefire.booter.ForkedBooter.invokeProviderInSameClassLoader(ForkedBooter.java:386)
	at org.apache.maven.surefire.booter.ForkedBooter.runSuitesInProcess(ForkedBooter.java:323)
	at org.apache.maven.surefire.booter.ForkedBooter.main(ForkedBooter.java:143)
]]>
            </full-stacktrace>
          </exception> <!-- java.lang.AssertionError -->
          <reporter-output>
          </reporter-output>
        </test-method> <!-- validateAppTitle -->
        <test-method signature="validateCoursesLink()[pri:0, instance:Academy.ValidateTitle@53e211ee]" started-at="2020-05-11T15:45:45Z" name="validateCoursesLink" finished-at="2020-05-11T15:45:46Z" duration-ms="82" status="PASS">
          <reporter-output>
          </reporter-output>
        </test-method> <!-- validateCoursesLink -->
        <test-method signature="validateHeader()[pri:0, instance:Academy.ValidateTitle@53e211ee]" started-at="2020-05-11T15:45:46Z" name="validateHeader" finished-at="2020-05-11T15:45:46Z" duration-ms="49" status="PASS">
          <reporter-output>
          </reporter-output>
        </test-method> <!-- validateHeader -->
        <test-method is-config="true" signature="tearDown()[pri:0, instance:Academy.ValidateTitle@53e211ee]" started-at="2020-05-11T15:45:46Z" name="tearDown" finished-at="2020-05-11T15:45:49Z" duration-ms="3002" status="PASS">
          <reporter-output>
          </reporter-output>
        </test-method> <!-- tearDown -->
      </class> <!-- Academy.ValidateTitle -->
    </test> <!-- Validating Title in the Page -->
    <test started-at="2020-05-11T22:45:49Z" name="Validating Academy Page" finished-at="2020-05-11T22:46:03Z" duration-ms="14680">
      <class name="Academy.ValidateAcademyPage">
        <test-method is-config="true" signature="initialize()[pri:0, instance:Academy.ValidateAcademyPage@184497d1]" started-at="2020-05-11T15:45:49Z" name="initialize" finished-at="2020-05-11T15:45:59Z" duration-ms="10819" status="PASS">
          <reporter-output>
          </reporter-output>
        </test-method> <!-- initialize -->
        <test-method signature="validateAppium()[pri:0, instance:Academy.ValidateAcademyPage@184497d1]" started-at="2020-05-11T15:45:59Z" name="validateAppium" finished-at="2020-05-11T15:46:00Z" duration-ms="454" status="PASS">
          <reporter-output>
          </reporter-output>
        </test-method> <!-- validateAppium -->
        <test-method signature="validateLinkedinLink()[pri:0, instance:Academy.ValidateAcademyPage@184497d1]" started-at="2020-05-11T15:46:00Z" name="validateLinkedinLink" finished-at="2020-05-11T15:46:00Z" duration-ms="146" status="PASS">
          <reporter-output>
          </reporter-output>
        </test-method> <!-- validateLinkedinLink -->
        <test-method signature="validateLinks()[pri:0, instance:Academy.ValidateAcademyPage@184497d1]" started-at="2020-05-11T15:46:00Z" name="validateLinks" finished-at="2020-05-11T15:46:00Z" duration-ms="417" status="PASS">
          <reporter-output>
          </reporter-output>
        </test-method> <!-- validateLinks -->
        <test-method signature="validateLogin()[pri:0, instance:Academy.ValidateAcademyPage@184497d1]" started-at="2020-05-11T15:46:00Z" name="validateLogin" finished-at="2020-05-11T15:46:01Z" duration-ms="71" status="PASS">
          <reporter-output>
          </reporter-output>
        </test-method> <!-- validateLogin -->
        <test-method signature="validateTitle()[pri:0, instance:Academy.ValidateAcademyPage@184497d1]" started-at="2020-05-11T15:46:01Z" name="validateTitle" finished-at="2020-05-11T15:46:01Z" duration-ms="60" status="PASS">
          <reporter-output>
          </reporter-output>
        </test-method> <!-- validateTitle -->
        <test-method is-config="true" signature="tearDown()[pri:0, instance:Academy.ValidateAcademyPage@184497d1]" started-at="2020-05-11T15:46:01Z" name="tearDown" finished-at="2020-05-11T15:46:03Z" duration-ms="2705" status="PASS">
          <reporter-output>
          </reporter-output>
        </test-method> <!-- tearDown -->
      </class> <!-- Academy.ValidateAcademyPage -->
    </test> <!-- Validating Academy Page -->
  </suite> <!-- Suite -->
</testng-results>
