-------------------------------------------------------------------------------
Test set: TestSuite
-------------------------------------------------------------------------------
Tests run: 11, Failures: 1, Errors: 0, Skipped: 0, Time elapsed: 95.301 s <<< FAILURE! - in TestSuite
validateAppTitle(Academy.ValidateTitle)  Time elapsed: 0.276 s  <<< FAILURE!
java.lang.AssertionError: App Title is missing or wrong. expected [FEATURED COURSES123] but found [FEATURED COURSES]
	at Academy.ValidateTitle.validateAppTitle(ValidateTitle.java:40)

